Release 14.7 - xst P.20131013 (nt)
Copyright (c) 1995-2013 Xilinx, Inc.  All rights reserved.
--> Parameter TMPDIR set to xst/projnav.tmp


Total REAL time to Xst completion: 0.00 secs
Total CPU time to Xst completion: 0.14 secs
 
--> Parameter xsthdpdir set to xst


Total REAL time to Xst completion: 0.00 secs
Total CPU time to Xst completion: 0.14 secs
 
--> Reading design: pcil.prj

TABLE OF CONTENTS
  1) Synthesis Options Summary
  2) HDL Compilation
  3) Design Hierarchy Analysis
  4) HDL Analysis
  5) HDL Synthesis
     5.1) HDL Synthesis Report
  6) Advanced HDL Synthesis
     6.1) Advanced HDL Synthesis Report
  7) Low Level Synthesis
  8) Partition Report
  9) Final Report

=========================================================================
*                      Synthesis Options Summary                        *
=========================================================================
---- Source Parameters
Input File Name                    : "pcil.prj"
Input Format                       : mixed
Ignore Synthesis Constraint File   : NO

---- Target Parameters
Output File Name                   : "pcil"
Output Format                      : NGC
Target Device                      : XC9500XL CPLDs

---- Source Options
Top Module Name                    : pcil
Automatic FSM Extraction           : YES
FSM Encoding Algorithm             : Auto
Safe Implementation                : No
Mux Extraction                     : Yes
Resource Sharing                   : YES

---- Target Options
Add IO Buffers                     : YES
MACRO Preserve                     : YES
XOR Preserve                       : YES
Equivalent register Removal        : YES

---- General Options
Optimization Goal                  : Speed
Optimization Effort                : 2
Keep Hierarchy                     : Yes
Netlist Hierarchy                  : As_Optimized
RTL Output                         : Yes
Hierarchy Separator                : /
Bus Delimiter                      : <>
Case Specifier                     : Maintain
Verilog 2001                       : YES

---- Other Options
Clock Enable                       : YES
wysiwyg                            : NO

=========================================================================


=========================================================================
*                          HDL Compilation                              *
=========================================================================
Compiling vhdl file "C:/Users/shanshe/Desktop/PCI/PCIL/pcil.vhd" in Library work.
Architecture behavioral of Entity pcil is up to date.

=========================================================================
*                     Design Hierarchy Analysis                         *
=========================================================================
Analyzing hierarchy for entity <pcil> in library <work> (architecture <behavioral>).


=========================================================================
*                            HDL Analysis                               *
=========================================================================
Analyzing Entity <pcil> in library <work> (Architecture <behavioral>).
INFO:Xst:1561 - "C:/Users/shanshe/Desktop/PCI/PCIL/pcil.vhd" line 209: Mux is complete : default of case is discarded
INFO:Xst:1561 - "C:/Users/shanshe/Desktop/PCI/PCIL/pcil.vhd" line 219: Mux is complete : default of case is discarded
INFO:Xst:1561 - "C:/Users/shanshe/Desktop/PCI/PCIL/pcil.vhd" line 229: Mux is complete : default of case is discarded
INFO:Xst:1561 - "C:/Users/shanshe/Desktop/PCI/PCIL/pcil.vhd" line 255: Mux is complete : default of case is discarded
Entity <pcil> analyzed. Unit <pcil> generated.


=========================================================================
*                           HDL Synthesis                               *
=========================================================================

Performing bidirectional port resolution...

Synthesizing Unit <pcil>.
    Related source file is "C:/Users/shanshe/Desktop/PCI/PCIL/pcil.vhd".
WARNING:Xst:646 - Signal <pio_x> is assigned but never used. This unconnected signal will be trimmed during the optimization process.
WARNING:Xst:646 - Signal <pcfg1_x> is assigned but never used. This unconnected signal will be trimmed during the optimization process.
WARNING:Xst:646 - Signal <pcfg0_x> is assigned but never used. This unconnected signal will be trimmed during the optimization process.
    Found 1-bit tristate buffer for signal <Z_NINT2>.
    Found 1-bit tristate buffer for signal <Z_NINT6>.
    Found 3-bit register for signal <bar_x>.
    Found 2-bit xor16 for signal <i_datpar_x>.
    Found 21-bit register for signal <laddr_x>.
    Found 1-bit register for signal <match>.
    Found 3-bit comparator equal for signal <match$cmp_eq0000> created at line 101.
    Found 1-bit xor2 for signal <match$xor0000> created at line 100.
    Found 32-bit tristate buffer for signal <p_ad_x>.
    Found 1-bit register for signal <real_slave_x>.
    Found 24-bit tristate buffer for signal <z_ada_x>.
    Found 32-bit register for signal <z_data_x>.
    Found 8-bit tristate buffer for signal <z_sd_x>.
    Summary:
	inferred   1 D-type flip-flop(s).
	inferred   1 Comparator(s).
	inferred   1 Xor(s).
	inferred  66 Tristate(s).
Unit <pcil> synthesized.


=========================================================================
HDL Synthesis Report

Macro Statistics
# Registers                                            : 5
 1-bit register                                        : 2
 21-bit register                                       : 1
 3-bit register                                        : 1
 32-bit register                                       : 1
# Comparators                                          : 1
 3-bit comparator equal                                : 1
# Tristates                                            : 28
 1-bit tristate buffer                                 : 26
 32-bit tristate buffer                                : 1
 8-bit tristate buffer                                 : 1
# Xors                                                 : 3
 1-bit xor16                                           : 2
 1-bit xor2                                            : 1

=========================================================================

=========================================================================
*                       Advanced HDL Synthesis                          *
=========================================================================


=========================================================================
Advanced HDL Synthesis Report

Macro Statistics
# Registers                                            : 1
 Flip-Flops                                            : 1
# Comparators                                          : 1
 3-bit comparator equal                                : 1
# Xors                                                 : 2
 1-bit xor16                                           : 2

=========================================================================

=========================================================================
*                         Low Level Synthesis                           *
=========================================================================

Optimizing unit <pcil> ...

=========================================================================
*                           Partition Report                            *
=========================================================================

Partition Implementation Status
-------------------------------

  No Partitions were found in this design.

-------------------------------

=========================================================================
*                            Final Report                               *
=========================================================================
Final Results
RTL Top Level Output File Name     : pcil.ngr
Top Level Output File Name         : pcil
Output Format                      : NGC
Optimization Goal                  : Speed
Keep Hierarchy                     : Yes
Target Technology                  : XC9500XL CPLDs
Macro Preserve                     : YES
XOR Preserve                       : YES
Clock Enable                       : YES
wysiwyg                            : NO

Design Statistics
# IOs                              : 99

Cell Usage :
# BELS                             : 187
#      AND2                        : 58
#      AND3                        : 9
#      AND4                        : 1
#      AND7                        : 1
#      AND8                        : 1
#      GND                         : 1
#      INV                         : 50
#      OR2                         : 32
#      XOR2                        : 34
# FlipFlops/Latches                : 58
#      FD                          : 2
#      FDP                         : 24
#      FDPE                        : 32
# IO Buffers                       : 99
#      IBUF                        : 22
#      IOBUFE                      : 64
#      OBUF                        : 11
#      OBUFE                       : 2
=========================================================================


Total REAL time to Xst completion: 4.00 secs
Total CPU time to Xst completion: 3.84 secs
 
--> 

Total memory usage is 221800 kilobytes

Number of errors   :    0 (   0 filtered)
Number of warnings :    3 (   0 filtered)
Number of infos    :    4 (   0 filtered)

